{"level":"error","message":"Ops, alguma coisa correu mal","service":"user-service"}
{"level":"error","message":"Falha ao obter post","service":"user-service"}
{"level":"error","message":"Falha ao obter post","service":"user-service"}
{"level":"error","message":"Falha ao obter post","service":"user-service"}
{"level":"error","message":"Falha ao obter post","service":"user-service"}
{"level":"error","message":"Falha ao obter post","service":"user-service"}
{"level":"error","message":"Falha ao obter post","service":"user-service"}
{"level":"error","message":"Falha ao obter post","service":"user-service"}
{"level":"error","message":"Falha ao obter post","service":"user-service"}
{"level":"error","message":"Falha ao obter post","service":"user-service"}
{"level":"error","message":"Falha ao obter post","service":"user-service"}
{"level":"error","message":"Falha ao obter post","service":"user-service"}
{"level":"error","message":"Falha ao obter post","service":"user-service"}
{"level":"error","message":"Falha ao obter post","service":"user-service"}
{"level":"error","message":"Falha ao obter post","service":"user-service"}
{"level":"error","message":"Falha ao obter post","service":"user-service"}
{"level":"error","message":"Falha ao obter post","service":"user-service"}
{"level":"error","message":"Falha ao obter post","service":"user-service"}
{"level":"error","message":"Falha ao obter post","service":"user-service"}
{"level":"error","message":"Falha ao obter post","service":"user-service"}
{"level":"error","message":"Falha ao obter post","service":"user-service"}
{"error":{},"level":"error","message":"Falha ao obter o post com o slug: ","service":"user-service","slug":"webpack-um-guia-para-iniciante"}
{"error":{},"level":"error","message":"Falha ao obter o post com o slug: ","service":"user-service","slug":"webpack-u"}
{"level":"error","message":"Falha ao obter post","service":"user-service"}
{"level":"error","message":"Falha ao obter post","service":"user-service"}
{"level":"error","message":"Falha ao obter post","service":"user-service"}
{"level":"error","message":"Falha ao obter post","service":"user-service"}
{"level":"error","message":"Falha ao obter post","service":"user-service"}
{"level":"error","message":"Falha ao obter post","service":"user-service"}
{"level":"error","message":"Falha ao obter post","service":"user-service"}
{"level":"error","message":"Falha ao obter post","service":"user-service"}
{"level":"error","message":"Falha ao obter post","service":"user-service"}
{"level":"error","message":"Falha ao obter post","service":"user-service"}
{"level":"error","message":"Falha ao obter post","service":"user-service"}
{"level":"error","message":"Falha ao obter post","service":"user-service"}
{"level":"error","message":"Falha ao obter post","service":"user-service"}
{"level":"error","message":"Falha ao obter post","service":"user-service"}
{"level":"error","message":"Falha ao obter post","service":"user-service"}
{"level":"error","message":"Falha ao obter post","service":"user-service"}
{"error":{"clientVersion":"5.14.0","name":"PrismaClientInitializationError"},"level":"error","message":"Falha ao obter o post com o slug: ","service":"user-service","slug":"introducao-ao-react"}
{"error":{"clientVersion":"5.14.0","name":"PrismaClientInitializationError"},"level":"error","message":"Falha ao obter o post com o slug: ","service":"user-service","slug":"introducao-ao-react"}
{"level":"error","message":"Falha ao obter post","service":"user-service"}
{"level":"error","message":"Falha ao obter post","service":"user-service"}
{"level":"error","message":"Falha ao obter post","service":"user-service"}
{"level":"error","message":"Falha ao obter post","service":"user-service"}
{"level":"error","message":"Falha ao obter post","service":"user-service"}
{"level":"error","message":"Falha ao obter post","service":"user-service"}
{"level":"error","message":"Falha ao obter post","service":"user-service"}
{"level":"error","message":"Falha ao obter post","service":"user-service"}
{"level":"error","message":"Falha ao obter post","service":"user-service"}
{"level":"error","message":"Falha ao obter post","service":"user-service"}
{"level":"error","message":"Falha ao obter post","service":"user-service"}
{"level":"error","message":"Falha ao obter post","service":"user-service"}
{"level":"error","message":"Falha ao obter post","service":"user-service"}
{"level":"error","message":"Falha ao obter post","service":"user-service"}
{"level":"error","message":"Falha ao obter post","service":"user-service"}
{"level":"error","message":"Falha ao obter post","service":"user-service"}
{"level":"error","message":"Falha ao obter post","service":"user-service"}
{"level":"error","message":"Falha ao obter post","service":"user-service"}
{"level":"error","message":"Falha ao obter post","service":"user-service"}
{"level":"error","message":"Falha ao obter post","service":"user-service"}
{"level":"error","message":"Falha ao obter post","service":"user-service"}
{"level":"error","message":"Falha ao obter post","service":"user-service"}
{"level":"error","message":"Falha ao obter post","service":"user-service"}
{"level":"error","message":"Falha ao obter post","service":"user-service"}
{"level":"error","message":"Falha ao obter post","service":"user-service"}
{"level":"error","message":"Falha ao obter post","service":"user-service"}
{"level":"error","message":"Falha ao obter post","service":"user-service"}
{"level":"error","message":"Falha ao obter post","service":"user-service"}
{"level":"error","message":"Falha ao obter post","service":"user-service"}
{"level":"error","message":"Falha ao obter post","service":"user-service"}
{"level":"error","message":"Falha ao obter post","service":"user-service"}
{"level":"error","message":"Falha ao obter post","service":"user-service"}
{"level":"error","message":"Falha ao obter post","service":"user-service"}
{"level":"error","message":"Falha ao obter post","service":"user-service"}
{"error":{},"level":"error","message":"Falha ao obter o post com o slug: ","service":"user-service","slug":"dicas-de-acessibilidade-web"}
{"error":{},"level":"error","message":"Falha ao obter o post com o slug: ","service":"user-service","slug":"dicas-de-acessibilidade-web"}
{"error":{},"level":"error","message":"Falha ao obter o post com o slug: ","service":"user-service","slug":"dicas-de-acessibilidade-web"}
{"error":{"clientVersion":"5.14.0","name":"PrismaClientInitializationError"},"level":"error","message":"Falha ao obter o post com o slug: ","service":"user-service","slug":"dicas-de-acessibilidade-web"}
{"error":{"clientVersion":"5.14.0","name":"PrismaClientInitializationError"},"level":"error","message":"Falha ao obter o post com o slug: ","service":"user-service","slug":"dicas-de-acessibilidade-web"}
{"error":{"clientVersion":"5.14.0","name":"PrismaClientInitializationError"},"level":"error","message":"Falha ao obter o post com o slug: ","service":"user-service","slug":"dicas-de-acessibilidade-web"}
{"error":{"clientVersion":"5.14.0","name":"PrismaClientInitializationError"},"level":"error","message":"Falha ao obter o post com o slug: ","service":"user-service","slug":"dicas-de-acessibilidade-web"}
{"error":{"clientVersion":"5.14.0","name":"PrismaClientInitializationError"},"level":"error","message":"Falha ao obter o post com o slug: ","service":"user-service","slug":"dicas-de-acessibilidade-web"}
{"error":{"clientVersion":"5.14.0","name":"PrismaClientInitializationError"},"level":"error","message":"Falha ao obter o post com o slug: ","service":"user-service","slug":"dicas-de-acessibilidade-web"}
{"error":{"clientVersion":"5.14.0","name":"PrismaClientInitializationError"},"level":"error","message":"Falha ao obter o post com o slug: ","service":"user-service","slug":"dicas-de-acessibilidade-web"}
{"error":{"clientVersion":"5.14.0","name":"PrismaClientInitializationError"},"level":"error","message":"Falha ao obter o post com o slug: ","service":"user-service","slug":"dicas-de-acessibilidade-web"}
{"error":{"clientVersion":"5.14.0","name":"PrismaClientInitializationError"},"level":"error","message":"Falha ao obter o post com o slug: ","service":"user-service","slug":"dicas-de-acessibilidade-web"}
{"error":{"clientVersion":"5.14.0","name":"PrismaClientInitializationError"},"level":"error","message":"Falha ao obter o post com o slug: ","service":"user-service","slug":"dicas-de-acessibilidade-web"}
{"level":"error","message":"Falha ao obter post","service":"user-service"}
{"level":"error","message":"Falha ao obter post","service":"user-service"}
{"level":"error","message":"Falha ao obter post","service":"user-service"}
{"level":"error","message":"Falha ao obter post","service":"user-service"}
{"level":"error","message":"Falha ao obter post","service":"user-service"}
{"level":"error","message":"Falha ao obter post","service":"user-service"}
{"level":"error","message":"Falha ao obter post","service":"user-service"}
{"level":"error","message":"Falha ao obter post","service":"user-service"}
{"level":"error","message":"Falha ao obter post","service":"user-service"}
{"level":"error","message":"Falha ao obter post","service":"user-service"}
{"level":"error","message":"Falha ao obter post","service":"user-service"}
{"level":"error","message":"Falha ao obter post","service":"user-service"}
